1612528745626:help
1612528773021:add
1612529623431:add T
1612529628563:get
1612529631059:help
1612529635895:getBooks
1612530065166:add
1612530086771:add Privet
1612530296458:add oewrwer
1612531278092:add
1612531280057:get
1612531283232:help
1612531286593:getBooks
1612531357709:add
1612531361384:getBooks
1612533335057:add
1612533355550:add 45
1612533359125:add gdfgdf
1612533461408:add
1612533465077:help
1612533472828:getBooks
1612533476637:add
1612533478325:add sdfg
1612533585281:add
1612533741118:add sdfsdf
1612533848642:add
1612533852172:add sdfs
1612533907639:add
1612533911092:add sdfsd
1612534417503:add
1612534420164:add test
1612534423812:getBooks
1612534495684:add privet
1612534500539:add poradomoi
1612534504179:getbooks
1612534506844:getBooks
1612534534259:add
1612534617179:add test
1612534619651:add test2
1612534622275:getBooks
1612536100268:add
1612536954610:add sd
1612536955983:add
1612538620292:add t
1612538836649:add
1612539761426:getBooks
1612540291129:add
1612540293729:getBooks
1612540919622:add
1612540921752:add t
1612540924248:add test
1612540927001:getBooks
1612541077693:add
1612541080994:add test
1612541083888:add privet
1612541087496:getBooks
1612541129491:add
1612541131440:add ewrte
1612541134649:getBooks
1612541813946:add
1612541822310:addB
1612541826344:addB sdfsdfsdf
1612541832415:addB agdfgdfg
1612541835774:getB
1612541841631:addA
1612541851800:addA kazancev mikhail
1612541862688:addA petrov nik
1612541865247:getA
1612542085107:addA sd
1612542088617:addA sd sd
1612542093414:addA qwe ty
1612542097294:getA
1612542151139:addA sd asdf
1612542153214:getA
1612543273249:addC privet poka
1612543287397:addC poka privet
1612543289941:addG
1612543300284:getC
1612543322709:addA let pol
1612543327189:addA pot yuo
1612543330396:getA
1612543635072:addG privet
1612543638173:add poka
1612543643700:addG nintendo
1612543649076:addG poka
1612543653011:getG
1612543662980:addA ail alishev
1612543672173:addA mister twister
1612543678284:addA mongol shuudan
1612543680723:getA
1612543693093:addC kniga plohaya
1612543700388:addC book neo4en
1612543713932:addC thisbook Nio4em
1612543721411:getC
1612543762277:addB badBook
1612543765955:addB bestBOok
1612543774645:addB verybadbook
1612543777459:getB
1612543886049:addC book vas
1612543889451:addG sdf
1612543893733:addA sdf sdfsdf
1612543899228:addB badbokk
1612544051170:addC plsdf sdfsdf
1612544077868:addB book
1612544257175:addC sdf sdf
1612544263675:addA sdf sdf
1612544266315:addB sdfdsf
1612544271348:addG sdfsdf
1612544356848:add C sdf sdf
1612544361027:addC asd asd
1612544364771:addA asd asdf
1612544367210:addB sdfsdf
1612544369258:addG sdfsdf
1612544392253:addC asfgasedgd sdfasdf
1612544395260:addA asdasfsd fasdfasdf
1612544403490:addB sdfjsdfkgjdfg\\
1612544408099:addB sdfasdgskdfgjsdfg
1612544413628:addC sdfsd fsdf sdf
1612544420299:addG sdffsdg
1612544424395:addC sdfsd fsdsf
1612544512600:help
1612544515514:l sda
